<?xml version="1.0" encoding="UTF-8"?>
<!-- Generated by org.testng.reporters.JUnitXMLReporter -->
<testsuite ignored="0" hostname="LAPTOP-IGK2Q2EI" failures="0" tests="12" name="Parallelclass" time="13.437" errors="0" timestamp="2023-05-21T21:18:55 IST">
  <testcase classname="com.testngpack.dataprovider" name="CheckQuantity" time="0.006"/>
  <testcase classname="com.testngpack.dataprovider" name="CheckQuantity" time="0.001"/>
  <testcase classname="com.testngpack.dataprovider" name="CheckQuantity" time="0.0"/>
  <testcase classname="com.testngpack.dataprovider" name="CheckQuantity" time="0.0"/>
  <testcase classname="com.testngpack.dataprovider" name="SearchforProduct" time="0.001"/>
  <testcase classname="com.testngpack.dataprovider" name="SearchforProduct" time="0.003"/>
  <testcase classname="com.testngpack.dataprovider" name="SearchforProduct" time="0.0"/>
  <testcase classname="com.testngpack.dataprovider" name="SearchforProduct" time="0.001"/>
  <testcase classname="com.testngpack.dataprovider" name="SearchforProduct" time="0.0"/>
  <testcase classname="com.testngpack.dataprovider" name="SearchforProduct" time="0.001"/>
  <testcase classname="com.testngpack.parallelExecution" name="LoginChromeTest" time="5.558"/>
  <testcase classname="com.testngpack.parallelExecution" name="LoginFirefoxTest" time="7.845"/>
</testsuite> <!-- Parallelclass -->
