<?xml version="1.0" encoding="UTF-8"?>
<!-- Generated by org.testng.reporters.JUnitXMLReporter -->
<testsuite ignored="0" hostname="LAPTOP-IGK2Q2EI" failures="1" tests="1" name="Test" time="10.254" errors="0" timestamp="2023-05-21T10:02:43 IST">
  <testcase classname="com.testngpack.asserDemo" name="AssertExampleProgram" time="10.22">
    <failure type="java.lang.AssertionError" message="The following asserts failed:
	expected [The Internet1] but found [The Internet]">
      <![CDATA[java.lang.AssertionError: The following asserts failed:
expected [The Internet1] but found [The Internet]
at com.testngpack.asserDemo.AssertExampleProgram(asserDemo.java:50)
at java.base/java.util.ArrayList.forEach(ArrayList.java:1511)
... Removed 29 stack frames]]>
    </failure>
  </testcase> <!-- AssertExampleProgram -->
</testsuite> <!-- Test -->
