<?xml version="1.0" encoding="UTF-8"?>
<testng-results ignored="0" total="12" passed="12" failed="0" skipped="0">
  <reporter-output>
  </reporter-output>
  <suite started-at="2023-05-21T21:18:42 IST" name="Suite" finished-at="2023-05-21T21:18:55 IST" duration-ms="13437">
    <groups>
    </groups>
    <test started-at="2023-05-21T21:18:42 IST" name="Parallelclass" finished-at="2023-05-21T21:18:55 IST" duration-ms="13437">
      <class name="com.testngpack.parallelExecution">
        <test-method signature="LoginChromeTest()[pri:0, instance:com.testngpack.parallelExecution@3a44431a]" started-at="2023-05-21T21:18:42 IST" name="LoginChromeTest" finished-at="2023-05-21T21:18:47 IST" duration-ms="5558" status="PASS">
          <reporter-output>
          </reporter-output>
        </test-method> <!-- LoginChromeTest -->
        <test-method signature="LoginFirefoxTest()[pri:0, instance:com.testngpack.parallelExecution@3a44431a]" started-at="2023-05-21T21:18:47 IST" name="LoginFirefoxTest" finished-at="2023-05-21T21:18:55 IST" duration-ms="7845" status="PASS">
          <reporter-output>
          </reporter-output>
        </test-method> <!-- LoginFirefoxTest -->
      </class> <!-- com.testngpack.parallelExecution -->
      <class name="com.testngpack.dataprovider">
        <test-method signature="CheckQuantity(int)[pri:0, instance:com.testngpack.dataprovider@27462a88]" started-at="2023-05-21T21:18:42 IST" name="CheckQuantity" data-provider="quantityForProduct" finished-at="2023-05-21T21:18:42 IST" duration-ms="6" status="PASS">
          <params>
            <param index="0">
              <value>
                <![CDATA[200]]>
              </value>
            </param>
          </params>
          <reporter-output>
          </reporter-output>
        </test-method> <!-- CheckQuantity -->
        <test-method signature="CheckQuantity(int)[pri:0, instance:com.testngpack.dataprovider@27462a88]" started-at="2023-05-21T21:18:42 IST" name="CheckQuantity" data-provider="quantityForProduct" finished-at="2023-05-21T21:18:42 IST" duration-ms="1" status="PASS">
          <params>
            <param index="0">
              <value>
                <![CDATA[199]]>
              </value>
            </param>
          </params>
          <reporter-output>
          </reporter-output>
        </test-method> <!-- CheckQuantity -->
        <test-method signature="CheckQuantity(int)[pri:0, instance:com.testngpack.dataprovider@27462a88]" started-at="2023-05-21T21:18:42 IST" name="CheckQuantity" data-provider="quantityForProduct" finished-at="2023-05-21T21:18:42 IST" duration-ms="0" status="PASS">
          <params>
            <param index="0">
              <value>
                <![CDATA[201]]>
              </value>
            </param>
          </params>
          <reporter-output>
          </reporter-output>
        </test-method> <!-- CheckQuantity -->
        <test-method signature="CheckQuantity(int)[pri:0, instance:com.testngpack.dataprovider@27462a88]" started-at="2023-05-21T21:18:42 IST" name="CheckQuantity" data-provider="quantityForProduct" finished-at="2023-05-21T21:18:42 IST" duration-ms="0" status="PASS">
          <params>
            <param index="0">
              <value>
                <![CDATA[0]]>
              </value>
            </param>
          </params>
          <reporter-output>
          </reporter-output>
        </test-method> <!-- CheckQuantity -->
        <test-method signature="SearchforProduct(java.lang.Object)[pri:0, instance:com.testngpack.dataprovider@27462a88]" started-at="2023-05-21T21:18:42 IST" name="SearchforProduct" data-provider="SearchTestData" finished-at="2023-05-21T21:18:42 IST" duration-ms="1" status="PASS">
          <params>
            <param index="0">
              <value>
                <![CDATA[Shirts]]>
              </value>
            </param>
          </params>
          <reporter-output>
          </reporter-output>
        </test-method> <!-- SearchforProduct -->
        <test-method signature="SearchforProduct(java.lang.Object)[pri:0, instance:com.testngpack.dataprovider@27462a88]" started-at="2023-05-21T21:18:42 IST" name="SearchforProduct" data-provider="SearchTestData" finished-at="2023-05-21T21:18:42 IST" duration-ms="3" status="PASS">
          <params>
            <param index="0">
              <value>
                <![CDATA[Pants]]>
              </value>
            </param>
          </params>
          <reporter-output>
          </reporter-output>
        </test-method> <!-- SearchforProduct -->
        <test-method signature="SearchforProduct(java.lang.Object)[pri:0, instance:com.testngpack.dataprovider@27462a88]" started-at="2023-05-21T21:18:42 IST" name="SearchforProduct" data-provider="SearchTestData" finished-at="2023-05-21T21:18:42 IST" duration-ms="0" status="PASS">
          <params>
            <param index="0">
              <value>
                <![CDATA[Shoes]]>
              </value>
            </param>
          </params>
          <reporter-output>
          </reporter-output>
        </test-method> <!-- SearchforProduct -->
        <test-method signature="SearchforProduct(java.lang.Object)[pri:0, instance:com.testngpack.dataprovider@27462a88]" started-at="2023-05-21T21:18:42 IST" name="SearchforProduct" data-provider="SearchTestData" finished-at="2023-05-21T21:18:42 IST" duration-ms="1" status="PASS">
          <params>
            <param index="0">
              <value>
                <![CDATA[Mobile]]>
              </value>
            </param>
          </params>
          <reporter-output>
          </reporter-output>
        </test-method> <!-- SearchforProduct -->
        <test-method signature="SearchforProduct(java.lang.Object)[pri:0, instance:com.testngpack.dataprovider@27462a88]" started-at="2023-05-21T21:18:42 IST" name="SearchforProduct" data-provider="SearchTestData" finished-at="2023-05-21T21:18:42 IST" duration-ms="0" status="PASS">
          <params>
            <param index="0">
              <value>
                <![CDATA[Smart Watches]]>
              </value>
            </param>
          </params>
          <reporter-output>
          </reporter-output>
        </test-method> <!-- SearchforProduct -->
        <test-method signature="SearchforProduct(java.lang.Object)[pri:0, instance:com.testngpack.dataprovider@27462a88]" started-at="2023-05-21T21:18:42 IST" name="SearchforProduct" data-provider="SearchTestData" finished-at="2023-05-21T21:18:42 IST" duration-ms="1" status="PASS">
          <params>
            <param index="0">
              <value>
                <![CDATA[10]]>
              </value>
            </param>
          </params>
          <reporter-output>
          </reporter-output>
        </test-method> <!-- SearchforProduct -->
      </class> <!-- com.testngpack.dataprovider -->
    </test> <!-- Parallelclass -->
  </suite> <!-- Suite -->
</testng-results>
